<?xml version="1.0" encoding="UTF-8"?>
<!-- Generated by org.testng.reporters.JUnitXMLReporter -->
<testsuite hostname="agy-Lenovo-G40-45" ignored="0" name="Command line test" tests="5" failures="0" timestamp="30 Agu 2022 07:16:52 GMT" time="18.599" errors="0">
  <testcase name="regisPageTest" time="11.577" classname="booking.flights.test.BookingFlightTest"/>
  <testcase name="regisConfirmTest" time="0.295" classname="booking.flights.test.BookingFlightTest"/>
  <testcase name="flightDetailsTest" time="1.652" classname="booking.flights.test.BookingFlightTest"/>
  <testcase name="finfFlightTest" time="0.54" classname="booking.flights.test.BookingFlightTest"/>
  <testcase name="flightConfrimTest" time="0.329" classname="booking.flights.test.BookingFlightTest"/>
</testsuite> <!-- Command line test -->
