<?xml version="1.0" encoding="UTF-8"?>
<testng-results skipped="0" failed="0" ignored="0" total="10" passed="10">
  <reporter-output>
  </reporter-output>
  <suite name="book-flight-model" duration-ms="28629" started-at="2022-09-02T13:51:41Z" finished-at="2022-09-02T13:52:10Z">
    <groups>
    </groups>
    <test name="book-flight-2" duration-ms="28308" started-at="2022-09-02T13:51:41Z" finished-at="2022-09-02T13:52:10Z">
      <class name="booking.flights.test.BookingFlightTest">
        <test-method status="PASS" signature="setupDriver()[pri:0, instance:booking.flights.test.BookingFlightTest@6aaa5eb0]" name="setupDriver" is-config="true" duration-ms="4570" started-at="2022-09-02T13:51:41Z" finished-at="2022-09-02T13:51:46Z">
          <reporter-output>
          </reporter-output>
        </test-method> <!-- setupDriver -->
        <test-method status="PASS" signature="setupParameters(java.lang.String, java.lang.String)[pri:0, instance:booking.flights.test.BookingFlightTest@6aaa5eb0]" name="setupParameters" is-config="true" duration-ms="19" started-at="2022-09-02T13:51:46Z" depends-on-methods="tests.BaseTest.setupDriver" finished-at="2022-09-02T13:51:46Z">
          <params>
            <param index="0">
              <value>
                <![CDATA[2]]>
              </value>
            </param>
            <param index="1">
              <value>
                <![CDATA[$1169 USD]]>
              </value>
            </param>
          </params>
          <reporter-output>
          </reporter-output>
        </test-method> <!-- setupParameters -->
        <test-method status="PASS" signature="regisPageTest()[pri:0, instance:booking.flights.test.BookingFlightTest@6aaa5eb0]" name="regisPageTest" duration-ms="18281" started-at="2022-09-02T13:51:46Z" finished-at="2022-09-02T13:52:04Z">
          <reporter-output>
          </reporter-output>
        </test-method> <!-- regisPageTest -->
        <test-method status="PASS" signature="regisConfirmTest()[pri:0, instance:booking.flights.test.BookingFlightTest@6aaa5eb0]" name="regisConfirmTest" duration-ms="643" started-at="2022-09-02T13:52:04Z" depends-on-methods="booking.flights.test.BookingFlightTest.regisPageTest" finished-at="2022-09-02T13:52:05Z">
          <reporter-output>
          </reporter-output>
        </test-method> <!-- regisConfirmTest -->
        <test-method status="PASS" signature="flightDetailsTest()[pri:0, instance:booking.flights.test.BookingFlightTest@6aaa5eb0]" name="flightDetailsTest" duration-ms="2314" started-at="2022-09-02T13:52:05Z" depends-on-methods="booking.flights.test.BookingFlightTest.regisConfirmTest" finished-at="2022-09-02T13:52:07Z">
          <reporter-output>
          </reporter-output>
        </test-method> <!-- flightDetailsTest -->
        <test-method status="PASS" signature="finfFlightTest()[pri:0, instance:booking.flights.test.BookingFlightTest@6aaa5eb0]" name="finfFlightTest" duration-ms="1470" started-at="2022-09-02T13:52:07Z" depends-on-methods="booking.flights.test.BookingFlightTest.flightDetailsTest" finished-at="2022-09-02T13:52:09Z">
          <reporter-output>
          </reporter-output>
        </test-method> <!-- finfFlightTest -->
        <test-method status="PASS" signature="flightConfrimTest()[pri:0, instance:booking.flights.test.BookingFlightTest@6aaa5eb0]" name="flightConfrimTest" duration-ms="805" started-at="2022-09-02T13:52:09Z" depends-on-methods="booking.flights.test.BookingFlightTest.finfFlightTest" finished-at="2022-09-02T13:52:10Z">
          <reporter-output>
          </reporter-output>
        </test-method> <!-- flightConfrimTest -->
        <test-method status="PASS" signature="quitDriver()[pri:0, instance:booking.flights.test.BookingFlightTest@6aaa5eb0]" name="quitDriver" is-config="true" duration-ms="136" started-at="2022-09-02T13:52:10Z" finished-at="2022-09-02T13:52:10Z">
          <reporter-output>
          </reporter-output>
        </test-method> <!-- quitDriver -->
      </class> <!-- booking.flights.test.BookingFlightTest -->
    </test> <!-- book-flight-2 -->
    <test name="book-flight-3" duration-ms="28629" started-at="2022-09-02T13:51:41Z" finished-at="2022-09-02T13:52:10Z">
      <class name="booking.flights.test.BookingFlightTest">
        <test-method status="PASS" signature="setupDriver()[pri:0, instance:booking.flights.test.BookingFlightTest@4cb2c100]" name="setupDriver" is-config="true" duration-ms="4568" started-at="2022-09-02T13:51:41Z" finished-at="2022-09-02T13:51:46Z">
          <reporter-output>
          </reporter-output>
        </test-method> <!-- setupDriver -->
        <test-method status="PASS" signature="setupParameters(java.lang.String, java.lang.String)[pri:0, instance:booking.flights.test.BookingFlightTest@4cb2c100]" name="setupParameters" is-config="true" duration-ms="19" started-at="2022-09-02T13:51:46Z" depends-on-methods="tests.BaseTest.setupDriver" finished-at="2022-09-02T13:51:46Z">
          <params>
            <param index="0">
              <value>
                <![CDATA[3]]>
              </value>
            </param>
            <param index="1">
              <value>
                <![CDATA[$1753 USD]]>
              </value>
            </param>
          </params>
          <reporter-output>
          </reporter-output>
        </test-method> <!-- setupParameters -->
        <test-method status="PASS" signature="regisPageTest()[pri:0, instance:booking.flights.test.BookingFlightTest@4cb2c100]" name="regisPageTest" duration-ms="18535" started-at="2022-09-02T13:51:46Z" finished-at="2022-09-02T13:52:05Z">
          <reporter-output>
          </reporter-output>
        </test-method> <!-- regisPageTest -->
        <test-method status="PASS" signature="regisConfirmTest()[pri:0, instance:booking.flights.test.BookingFlightTest@4cb2c100]" name="regisConfirmTest" duration-ms="621" started-at="2022-09-02T13:52:05Z" depends-on-methods="booking.flights.test.BookingFlightTest.regisPageTest" finished-at="2022-09-02T13:52:05Z">
          <reporter-output>
          </reporter-output>
        </test-method> <!-- regisConfirmTest -->
        <test-method status="PASS" signature="flightDetailsTest()[pri:0, instance:booking.flights.test.BookingFlightTest@4cb2c100]" name="flightDetailsTest" duration-ms="2405" started-at="2022-09-02T13:52:05Z" depends-on-methods="booking.flights.test.BookingFlightTest.regisConfirmTest" finished-at="2022-09-02T13:52:08Z">
          <reporter-output>
          </reporter-output>
        </test-method> <!-- flightDetailsTest -->
        <test-method status="PASS" signature="finfFlightTest()[pri:0, instance:booking.flights.test.BookingFlightTest@4cb2c100]" name="finfFlightTest" duration-ms="1395" started-at="2022-09-02T13:52:08Z" depends-on-methods="booking.flights.test.BookingFlightTest.flightDetailsTest" finished-at="2022-09-02T13:52:09Z">
          <reporter-output>
          </reporter-output>
        </test-method> <!-- finfFlightTest -->
        <test-method status="PASS" signature="flightConfrimTest()[pri:0, instance:booking.flights.test.BookingFlightTest@4cb2c100]" name="flightConfrimTest" duration-ms="816" started-at="2022-09-02T13:52:09Z" depends-on-methods="booking.flights.test.BookingFlightTest.finfFlightTest" finished-at="2022-09-02T13:52:10Z">
          <reporter-output>
          </reporter-output>
        </test-method> <!-- flightConfrimTest -->
        <test-method status="PASS" signature="quitDriver()[pri:0, instance:booking.flights.test.BookingFlightTest@4cb2c100]" name="quitDriver" is-config="true" duration-ms="215" started-at="2022-09-02T13:52:10Z" finished-at="2022-09-02T13:52:10Z">
          <reporter-output>
          </reporter-output>
        </test-method> <!-- quitDriver -->
      </class> <!-- booking.flights.test.BookingFlightTest -->
    </test> <!-- book-flight-3 -->
  </suite> <!-- book-flight-model -->
</testng-results>
