<?xml version="1.0" encoding="UTF-8"?>
<testng-results skipped="0" failed="0" ignored="0" total="5" passed="5">
  <reporter-output>
  </reporter-output>
  <suite name="booking.flights.test.BookingFlightTest" duration-ms="18599" started-at="2022-08-30T07:16:34Z" finished-at="2022-08-30T07:16:52Z">
    <groups>
    </groups>
    <test name="Command line test" duration-ms="18599" started-at="2022-08-30T07:16:34Z" finished-at="2022-08-30T07:16:52Z">
      <class name="booking.flights.test.BookingFlightTest">
        <test-method status="PASS" signature="setupDriver()[pri:0, instance:booking.flights.test.BookingFlightTest@4590c9c3]" name="setupDriver" is-config="true" duration-ms="4149" started-at="2022-08-30T07:16:34Z" finished-at="2022-08-30T07:16:38Z">
          <reporter-output>
          </reporter-output>
        </test-method> <!-- setupDriver -->
        <test-method status="PASS" signature="regisPageTest()[pri:0, instance:booking.flights.test.BookingFlightTest@4590c9c3]" name="regisPageTest" duration-ms="11577" started-at="2022-08-30T07:16:38Z" finished-at="2022-08-30T07:16:50Z">
          <reporter-output>
          </reporter-output>
        </test-method> <!-- regisPageTest -->
        <test-method status="PASS" signature="regisConfirmTest()[pri:0, instance:booking.flights.test.BookingFlightTest@4590c9c3]" name="regisConfirmTest" duration-ms="295" started-at="2022-08-30T07:16:50Z" depends-on-methods="booking.flights.test.BookingFlightTest.regisPageTest" finished-at="2022-08-30T07:16:50Z">
          <reporter-output>
          </reporter-output>
        </test-method> <!-- regisConfirmTest -->
        <test-method status="PASS" signature="flightDetailsTest()[pri:0, instance:booking.flights.test.BookingFlightTest@4590c9c3]" name="flightDetailsTest" duration-ms="1652" started-at="2022-08-30T07:16:50Z" depends-on-methods="booking.flights.test.BookingFlightTest.regisConfirmTest" finished-at="2022-08-30T07:16:52Z">
          <reporter-output>
          </reporter-output>
        </test-method> <!-- flightDetailsTest -->
        <test-method status="PASS" signature="finfFlightTest()[pri:0, instance:booking.flights.test.BookingFlightTest@4590c9c3]" name="finfFlightTest" duration-ms="540" started-at="2022-08-30T07:16:52Z" depends-on-methods="booking.flights.test.BookingFlightTest.flightDetailsTest" finished-at="2022-08-30T07:16:52Z">
          <reporter-output>
          </reporter-output>
        </test-method> <!-- finfFlightTest -->
        <test-method status="PASS" signature="flightConfrimTest()[pri:0, instance:booking.flights.test.BookingFlightTest@4590c9c3]" name="flightConfrimTest" duration-ms="329" started-at="2022-08-30T07:16:52Z" depends-on-methods="booking.flights.test.BookingFlightTest.finfFlightTest" finished-at="2022-08-30T07:16:52Z">
          <reporter-output>
          </reporter-output>
        </test-method> <!-- flightConfrimTest -->
      </class> <!-- booking.flights.test.BookingFlightTest -->
    </test> <!-- Command line test -->
  </suite> <!-- booking.flights.test.BookingFlightTest -->
</testng-results>
